<?xml version="1.0" encoding="UTF-8"?>
<testsuite name="UnitTest" tests="9" skipped="0" failures="0" errors="0" timestamp="2015-08-18T21:26:16" hostname="epicodus-107.local" time="0.003">
  <properties/>
  <testcase name="Tamagotchi_gainsWeightCorrectly" classname="UnitTest" time="0.001"/>
  <testcase name="Tamagotchi_getsCorrectAge" classname="UnitTest" time="0.001"/>
  <testcase name="Tamagotchi_getCorrectHappyLevel" classname="UnitTest" time="0.0"/>
  <testcase name="Tamagotchi_needsBathroom_false" classname="UnitTest" time="0.0"/>
  <testcase name="Tamagotchi_getsCorrectWeight" classname="UnitTest" time="0.0"/>
  <testcase name="Tamagotchi_needsBathroom_true" classname="UnitTest" time="0.0"/>
  <testcase name="Tamagotchi_isHungry_false" classname="UnitTest" time="0.0"/>
  <testcase name="Tamagotchi_instantiatesCorrectly_true" classname="UnitTest" time="0.0"/>
  <testcase name="Tamagotchi_isHungry_true" classname="UnitTest" time="0.0"/>
  <system-out><![CDATA[]]></system-out>
  <system-err><![CDATA[]]></system-err>
</testsuite>
