<?xml version="1.0" encoding="UTF-8"?>
<testsuite name="UnitTest" tests="3" skipped="0" failures="0" errors="0" timestamp="2015-08-18T18:37:30" hostname="epicodus-107.local" time="0.002">
  <properties/>
  <testcase name="Tamagotchi_getsCorrectAge" classname="UnitTest" time="0.001"/>
  <testcase name="Tamagotchi_getsCorrectWeight" classname="UnitTest" time="0.0"/>
  <testcase name="Tamagotchi_instantiatesCorrectly_true" classname="UnitTest" time="0.001"/>
  <system-out><![CDATA[]]></system-out>
  <system-err><![CDATA[]]></system-err>
</testsuite>
